D:\GAME\PLAY_ME\PLAY_ME\DEBUG\CAMERA.OBJ
D:\GAME\PLAY_ME\PLAY_ME\DEBUG\CAT.OBJ
D:\GAME\PLAY_ME\PLAY_ME\DEBUG\CORE.OBJ
D:\GAME\PLAY_ME\PLAY_ME\DEBUG\DIRECTION.OBJ
D:\GAME\PLAY_ME\PLAY_ME\DEBUG\FADMA.OBJ
D:\GAME\PLAY_ME\PLAY_ME\DEBUG\FRAME_BUFFER.OBJ
D:\GAME\PLAY_ME\PLAY_ME\DEBUG\GLOB.OBJ
D:\GAME\PLAY_ME\PLAY_ME\DEBUG\HOT_VARS.OBJ
D:\GAME\PLAY_ME\PLAY_ME\DEBUG\INPUT.OBJ
D:\GAME\PLAY_ME\PLAY_ME\DEBUG\LODEPNG.OBJ
D:\GAME\PLAY_ME\PLAY_ME\DEBUG\MAIN.OBJ
D:\GAME\PLAY_ME\PLAY_ME\DEBUG\MATH.OBJ
D:\GAME\PLAY_ME\PLAY_ME\DEBUG\OBJECT.OBJ
D:\GAME\PLAY_ME\PLAY_ME\DEBUG\PURE_OPENGL.OBJ
D:\GAME\PLAY_ME\PLAY_ME\DEBUG\READ_WRITE.OBJ
D:\GAME\PLAY_ME\PLAY_ME\DEBUG\RENDERER.OBJ
D:\GAME\PLAY_ME\PLAY_ME\DEBUG\RGBA_ARRAY.OBJ
D:\GAME\PLAY_ME\PLAY_ME\DEBUG\SOLID.OBJ
D:\GAME\PLAY_ME\PLAY_ME\DEBUG\SPACE.OBJ
D:\GAME\PLAY_ME\PLAY_ME\DEBUG\STATIC_IM.OBJ
D:\GAME\PLAY_ME\PLAY_ME\DEBUG\VC110.PDB
D:\GAME\PLAY_ME\DEBUG\PLAY_ME.ILK
D:\GAME\PLAY_ME\DEBUG\PLAY_ME.EXE
D:\GAME\PLAY_ME\DEBUG\PLAY_ME.PDB
D:\Game\play_me\play_me\Debug\camera.obj
D:\Game\play_me\play_me\Debug\cat.obj
D:\Game\play_me\play_me\Debug\core.obj
D:\Game\play_me\play_me\Debug\direction.obj
D:\Game\play_me\play_me\Debug\fadma.obj
D:\Game\play_me\play_me\Debug\frame_buffer.obj
D:\Game\play_me\play_me\Debug\glob.obj
D:\Game\play_me\play_me\Debug\hot_vars.obj
D:\Game\play_me\play_me\Debug\input.obj
D:\Game\play_me\play_me\Debug\lodepng.obj
D:\Game\play_me\play_me\Debug\main.obj
D:\Game\play_me\play_me\Debug\math.obj
D:\Game\play_me\play_me\Debug\object.obj
D:\Game\play_me\play_me\Debug\pure_opengl.obj
D:\Game\play_me\play_me\Debug\read_write.obj
D:\Game\play_me\play_me\Debug\Renderer.obj
D:\Game\play_me\play_me\Debug\rgba_array.obj
D:\Game\play_me\play_me\Debug\solid.obj
D:\Game\play_me\play_me\Debug\space.obj
D:\Game\play_me\play_me\Debug\static_im.obj
D:\Game\play_me\play_me\Debug\cl.command.1.tlog
D:\Game\play_me\play_me\Debug\CL.read.1.tlog
D:\Game\play_me\play_me\Debug\CL.write.1.tlog
D:\Game\play_me\play_me\Debug\link-cvtres.read.1.tlog
D:\Game\play_me\play_me\Debug\link-cvtres.write.1.tlog
D:\Game\play_me\play_me\Debug\link-rc.read.1.tlog
D:\Game\play_me\play_me\Debug\link-rc.write.1.tlog
D:\Game\play_me\play_me\Debug\link.command.1.tlog
D:\Game\play_me\play_me\Debug\link.read.1.tlog
D:\Game\play_me\play_me\Debug\link.read.2.tlog
D:\Game\play_me\play_me\Debug\link.write.1.tlog
D:\Game\play_me\play_me\Debug\vc110.idb
D:\Game\play_me\play_me\Debug\vc110.pdb
D:\Game\play_me\Debug\play_me.pdb
D:\Game\play_me\Debug\play_me.exe
D:\Game\play_me\Debug\play_me.ilk
